<?xml version="1.0" encoding="UTF-8"?>
<testsuite xmlns:xsi="http://www.w3.org/2001/XMLSchema-instance" xsi:noNamespaceSchemaLocation="https://maven.apache.org/surefire/maven-surefire-plugin/xsd/surefire-test-report.xsd" name="com.example.TestGreeter" time="0.042" tests="3" errors="0" skipped="0" failures="0">
  <properties>
    <property name="awt.toolkit" value="sun.awt.X11.XToolkit"/>
    <property name="java.specification.version" value="11"/>
    <property name="sun.cpu.isalist" value=""/>
    <property name="sun.jnu.encoding" value="UTF-8"/>
    <property name="java.class.path" value="/home/riprasad/jenkins-workspace/Repos/riprasad/test/target/test-classes:/home/riprasad/jenkins-workspace/Repos/riprasad/test/target/classes:/home/riprasad/.m2/repository/javax/servlet/servlet-api/2.5/servlet-api-2.5.jar:/home/riprasad/.m2/repository/javax/servlet/jsp/jsp-api/2.2/jsp-api-2.2.jar:/home/riprasad/.m2/repository/junit/junit-dep/4.10/junit-dep-4.10.jar:/home/riprasad/.m2/repository/org/hamcrest/hamcrest-core/1.2.1/hamcrest-core-1.2.1.jar:/home/riprasad/.m2/repository/org/hamcrest/hamcrest-library/1.2.1/hamcrest-library-1.2.1.jar:/home/riprasad/.m2/repository/org/mockito/mockito-core/1.8.5/mockito-core-1.8.5.jar:/home/riprasad/.m2/repository/org/objenesis/objenesis/1.0/objenesis-1.0.jar:"/>
    <property name="java.vm.vendor" value="Red Hat, Inc."/>
    <property name="sun.arch.data.model" value="64"/>
    <property name="java.vendor.url" value="https://www.redhat.com/"/>
    <property name="user.timezone" value=""/>
    <property name="java.vm.specification.version" value="11"/>
    <property name="os.name" value="Linux"/>
    <property name="sun.java.launcher" value="SUN_STANDARD"/>
    <property name="user.country" value="US"/>
    <property name="sun.boot.library.path" value="/usr/lib/jvm/java-11-openjdk-11.0.9.11-0.fc31.x86_64/lib"/>
    <property name="sun.java.command" value="/home/riprasad/jenkins-workspace/Repos/riprasad/test/target/surefire/surefirebooter12143735319554876367.jar /home/riprasad/jenkins-workspace/Repos/riprasad/test/target/surefire 2021-01-08T14-34-16_078-jvmRun1 surefire1326568740374865948tmp surefire_012663961611062375725tmp"/>
    <property name="jdk.debug" value="release"/>
    <property name="surefire.test.class.path" value="/home/riprasad/jenkins-workspace/Repos/riprasad/test/target/test-classes:/home/riprasad/jenkins-workspace/Repos/riprasad/test/target/classes:/home/riprasad/.m2/repository/javax/servlet/servlet-api/2.5/servlet-api-2.5.jar:/home/riprasad/.m2/repository/javax/servlet/jsp/jsp-api/2.2/jsp-api-2.2.jar:/home/riprasad/.m2/repository/junit/junit-dep/4.10/junit-dep-4.10.jar:/home/riprasad/.m2/repository/org/hamcrest/hamcrest-core/1.2.1/hamcrest-core-1.2.1.jar:/home/riprasad/.m2/repository/org/hamcrest/hamcrest-library/1.2.1/hamcrest-library-1.2.1.jar:/home/riprasad/.m2/repository/org/mockito/mockito-core/1.8.5/mockito-core-1.8.5.jar:/home/riprasad/.m2/repository/org/objenesis/objenesis/1.0/objenesis-1.0.jar:"/>
    <property name="sun.cpu.endian" value="little"/>
    <property name="user.home" value="/home/riprasad"/>
    <property name="user.language" value="en"/>
    <property name="java.specification.vendor" value="Oracle Corporation"/>
    <property name="java.version.date" value="2020-10-20"/>
    <property name="java.home" value="/usr/lib/jvm/java-11-openjdk-11.0.9.11-0.fc31.x86_64"/>
    <property name="file.separator" value="/"/>
    <property name="basedir" value="/home/riprasad/jenkins-workspace/Repos/riprasad/test"/>
    <property name="java.vm.compressedOopsMode" value="Zero based"/>
    <property name="line.separator" value="&#10;"/>
    <property name="java.specification.name" value="Java Platform API Specification"/>
    <property name="java.vm.specification.vendor" value="Oracle Corporation"/>
    <property name="java.awt.graphicsenv" value="sun.awt.X11GraphicsEnvironment"/>
    <property name="surefire.real.class.path" value="/home/riprasad/jenkins-workspace/Repos/riprasad/test/target/surefire/surefirebooter12143735319554876367.jar"/>
    <property name="sun.management.compiler" value="HotSpot 64-Bit Tiered Compilers"/>
    <property name="java.runtime.version" value="11.0.9+11"/>
    <property name="user.name" value="riprasad"/>
    <property name="path.separator" value=":"/>
    <property name="os.version" value="5.6.19-200.fc31.x86_64"/>
    <property name="java.runtime.name" value="OpenJDK Runtime Environment"/>
    <property name="file.encoding" value="UTF-8"/>
    <property name="java.vm.name" value="OpenJDK 64-Bit Server VM"/>
    <property name="java.vendor.version" value="18.9"/>
    <property name="localRepository" value="/home/riprasad/.m2/repository"/>
    <property name="java.vendor.url.bug" value="https://bugzilla.redhat.com/enter_bug.cgi?product=Fedora&amp;component=java-11-openjdk&amp;version=31"/>
    <property name="java.io.tmpdir" value="/tmp"/>
    <property name="java.version" value="11.0.9"/>
    <property name="user.dir" value="/home/riprasad/jenkins-workspace/Repos/riprasad/test"/>
    <property name="os.arch" value="amd64"/>
    <property name="java.vm.specification.name" value="Java Virtual Machine Specification"/>
    <property name="java.awt.printerjob" value="sun.print.PSPrinterJob"/>
    <property name="sun.os.patch.level" value="unknown"/>
    <property name="java.library.path" value="/usr/java/packages/lib:/usr/lib64:/lib64:/lib:/usr/lib"/>
    <property name="java.vm.info" value="mixed mode, sharing"/>
    <property name="java.vendor" value="Red Hat, Inc."/>
    <property name="java.vm.version" value="11.0.9+11"/>
    <property name="sun.io.unicode.encoding" value="UnicodeLittle"/>
    <property name="java.class.version" value="55.0"/>
  </properties>
  <testcase name="greetShouldIncludeTheOneBeingGreeted" classname="com.example.TestGreeter" time="0.004"/>
  <testcase name="greetShouldIncludeGreetingPhrase" classname="com.example.TestGreeter" time="0.006"/>
  <testcase name="greetShouldIncludeGreetingMessage" classname="com.example.TestGreeter" time="0"/>
</testsuite>